
*** tstart() called on mackaroo
*** at Mon Sep 14 14:50:23 2020

   => Loading Basis Set <=

    Name: STO-3G-JACEK
    Role: ORBITAL
    Keyword: BASIS
    atoms 1 entry NA         line   111 file /Users/j2c/anaconda/envs/OpenFermion-py36/share/psi4/basis/sto-3g-jacek.gbs 
    atoms 2 entry H          line    19 file /Users/j2c/anaconda/envs/OpenFermion-py36/share/psi4/basis/sto-3g-jacek.gbs 


         ---------------------------------------------------------
                                   SCF
               by Justin Turney, Rob Parrish, Andy Simmonett
                          and Daniel G. A. Smith
                              RHF Reference
                        1 Threads,    500 MiB Core
         ---------------------------------------------------------

  ==> Geometry <==

    Molecular point group: c1
    Full point group: C_inf_v

    Geometry (in Angstrom), charge = 0, multiplicity = 1:

       Center              X                  Y                   Z               Mass       
    ------------   -----------------  -----------------  -----------------  -----------------
         NA           0.000000000000     0.000000000000    -0.080398398378    22.989769282000
         H            0.000000000000     0.000000000000     1.833989601622     1.007825032230

  Running in c1 symmetry.

  Rotational constants: A = ************  B =      4.76414  C =      4.76414 [cm^-1]
  Rotational constants: A = ************  B = 142825.32663  C = 142825.32663 [MHz]
  Nuclear repulsion =    3.040631949933869

  Charge       = 0
  Multiplicity = 1
  Electrons    = 12
  Nalpha       = 6
  Nbeta        = 6

  ==> Algorithm <==

  SCF Algorithm Type is PK.
  DIIS enabled.
  MOM disabled.
  Fractional occupation disabled.
  Guess Type is SAD.
  Energy threshold   = 1.00e-08
  Density threshold  = 1.00e-08
  Integral threshold = 0.00e+00

  ==> Primary Basis <==

  Basis Set: STO-3G-JACEK
    Blend: STO-3G-JACEK
    Number of shells: 6
    Number of basis function: 10
    Number of Cartesian functions: 10
    Spherical Harmonics?: true
    Max angular momentum: 1

  ==> Pre-Iterations <==

   -------------------------------------------------------
    Irrep   Nso     Nmo     Nalpha   Nbeta   Ndocc  Nsocc
   -------------------------------------------------------
     A         10      10       0       0       0       0
   -------------------------------------------------------
    Total      10      10       6       6       6       0
   -------------------------------------------------------

  ==> Integral Setup <==

  Using in-core PK algorithm.
   Calculation information:
      Number of atoms:                   2
      Number of AO shells:               6
      Number of primitives:             18
      Number of atomic orbitals:        10
      Number of basis functions:        10

      Integral cutoff                 1.00e-12
      Number of threads:                 1

  Performing in-core PK
  Using 3080 doubles for integral storage.
  We computed 231 shell quartets total.
  Whereas there are 231 unique shell quartets.

  ==> DiskJK: Disk-Based J/K Matrices <==

    J tasked:                  Yes
    K tasked:                  Yes
    wK tasked:                  No
    Memory [MiB]:              375
    Schwarz Cutoff:          1E-12

    OpenMP threads:              1

  Minimum eigenvalue in the overlap matrix is 4.2249603091E-01.
  Using Symmetric Orthogonalization.

  SCF Guess: Superposition of Atomic Densities via on-the-fly atomic UHF.

  ==> Iterations <==

                        Total Energy        Delta E     RMS |[F,P]|

   @RHF iter SAD:  -159.55669542718928   -1.59557e+02   0.00000e+00 
   @RHF iter   1:  -160.26253834221581   -7.05843e-01   1.85876e-02 DIIS
   @RHF iter   2:  -160.29744625398021   -3.49079e-02   5.08492e-03 DIIS
   @RHF iter   3:  -160.29912489178577   -1.67864e-03   9.00176e-04 DIIS
   @RHF iter   4:  -160.29928095673847   -1.56065e-04   1.46087e-04 DIIS
   @RHF iter   5:  -160.29928460624686   -3.64951e-06   2.00004e-05 DIIS
   @RHF iter   6:  -160.29928470050112   -9.42543e-08   3.43781e-06 DIIS
   @RHF iter   7:  -160.29928470141425   -9.13133e-10   2.60009e-07 DIIS
   @RHF iter   8:  -160.29928470142366   -9.40759e-12   2.66846e-08 DIIS
   @RHF iter   9:  -160.29928470142366    0.00000e+00   1.65437e-09 DIIS
  Energy and wave function converged.


  ==> Post-Iterations <==

    Orbital Energies [Eh]
    ---------------------

    Doubly Occupied:                                                      

       1A    -40.200268     2A     -2.758474     3A     -1.410476  
       4A     -1.410476     5A     -1.406401     6A     -0.079329  

    Virtual:                                                              

       7A      0.442957     8A      0.724761     9A      0.724761  
      10A      0.907950  

    Final Occupation by Irrep:
              A 
    DOCC [     6 ]

  @RHF Final Energy:  -160.29928470142366

   => Energetics <=

    Nuclear Repulsion Energy =              3.0406319499338692
    One-Electron Energy =                -232.1489856195426569
    Two-Electron Energy =                  68.8090689681851018
    Total Energy =                       -160.2992847014236872

Computation Completed


Properties will be evaluated at   0.000000,   0.000000,   0.000000 [a0]

Properties computed using the SCF density matrix

  Nuclear Dipole Moment: [e a0]
     X:     0.0000      Y:     0.0000      Z:     1.7945

  Electronic Dipole Moment: [e a0]
     X:     0.0000      Y:    -0.0000      Z:    -4.4308

  Dipole Moment: [e a0]
     X:     0.0000      Y:    -0.0000      Z:    -2.6363     Total:     2.6363

  Dipole Moment: [D]
     X:     0.0000      Y:    -0.0000      Z:    -6.7009     Total:     6.7009


*** tstop() called on mackaroo at Mon Sep 14 14:50:23 2020
Module time:
	user time   =       0.24 seconds =       0.00 minutes
	system time =       0.02 seconds =       0.00 minutes
	total time  =          0 seconds =       0.00 minutes
Total time:
	user time   =       0.24 seconds =       0.00 minutes
	system time =       0.02 seconds =       0.00 minutes
	total time  =          0 seconds =       0.00 minutes
E(SCF): -160.29928470142366 <psi4.core.RHF object at 0x130bda5c8>

Alpha orbital energies:  [-40.20026844  -2.75847387  -1.41047558  -1.41047558  -1.40640128
  -0.0793291    0.44295679   0.7247605    0.7247605    0.90795008]
Beta  orbital energies:  [-40.20026844  -2.75847387  -1.41047558  -1.41047558  -1.40640128
  -0.0793291    0.44295679   0.7247605    0.7247605    0.90795008]

N-alpha-electrons:  6 
N-beta--electrons:  6 

Alpha occupations:  [1. 1. 1. 1. 1. 1. 0. 0. 0. 0.]
Beta  occupations:  [1. 1. 1. 1. 1. 1. 0. 0. 0. 0.]

Nuclear repulsion: 3.040631949933869


#################################################################################################################
#                                                               
#             Dipole  moment operators in A.O. basis set        
#                                                               
#################################################################################################################


  Dipole operator in  A.O. basis set:

 mu_x (A.O. basis set) :
 [[ 0.00000000e+00  0.00000000e+00  0.00000000e+00 -4.27621075e-02
   0.00000000e+00  0.00000000e+00  0.00000000e+00 -4.19319835e-03
   0.00000000e+00  0.00000000e+00]
 [ 0.00000000e+00  0.00000000e+00  0.00000000e+00 -4.14551417e-01
   0.00000000e+00  0.00000000e+00  0.00000000e+00 -2.91504180e-01
   0.00000000e+00  0.00000000e+00]
 [ 0.00000000e+00  0.00000000e+00  0.00000000e+00  6.33821479e-19
   0.00000000e+00  0.00000000e+00  0.00000000e+00 -1.19080781e-18
   0.00000000e+00  0.00000000e+00]
 [-4.27621075e-02 -4.14551417e-01  6.33821479e-19  0.00000000e+00
   0.00000000e+00 -3.01653693e-01 -1.19080781e-18  0.00000000e+00
   0.00000000e+00 -2.21716005e-02]
 [ 0.00000000e+00  0.00000000e+00  0.00000000e+00  0.00000000e+00
   0.00000000e+00  0.00000000e+00  0.00000000e+00  0.00000000e+00
   0.00000000e+00  0.00000000e+00]
 [ 0.00000000e+00  0.00000000e+00  0.00000000e+00 -3.01653693e-01
   0.00000000e+00  0.00000000e+00  0.00000000e+00 -1.15436643e+00
   0.00000000e+00  0.00000000e+00]
 [ 0.00000000e+00  0.00000000e+00  0.00000000e+00 -1.19080781e-18
   0.00000000e+00  0.00000000e+00  0.00000000e+00 -5.99869864e-18
   0.00000000e+00  0.00000000e+00]
 [-4.19319835e-03 -2.91504180e-01 -1.19080781e-18  0.00000000e+00
   0.00000000e+00 -1.15436643e+00 -5.99869864e-18  0.00000000e+00
   0.00000000e+00 -1.62675235e-01]
 [ 0.00000000e+00  0.00000000e+00  0.00000000e+00  0.00000000e+00
   0.00000000e+00  0.00000000e+00  0.00000000e+00  0.00000000e+00
   0.00000000e+00  0.00000000e+00]
 [ 0.00000000e+00  0.00000000e+00  0.00000000e+00 -2.21716005e-02
   0.00000000e+00  0.00000000e+00  0.00000000e+00 -1.62675235e-01
   0.00000000e+00  0.00000000e+00]]

 mu_y (A.O. basis set) :
 [[ 0.00000000e+00  0.00000000e+00  0.00000000e+00  0.00000000e+00
  -4.27621075e-02  0.00000000e+00  0.00000000e+00  0.00000000e+00
  -4.19319835e-03  0.00000000e+00]
 [ 0.00000000e+00  0.00000000e+00  0.00000000e+00  0.00000000e+00
  -4.14551417e-01  0.00000000e+00  0.00000000e+00  0.00000000e+00
  -2.91504180e-01  0.00000000e+00]
 [ 0.00000000e+00  0.00000000e+00  0.00000000e+00  0.00000000e+00
   6.33821479e-19  0.00000000e+00  0.00000000e+00  0.00000000e+00
  -1.19080781e-18  0.00000000e+00]
 [ 0.00000000e+00  0.00000000e+00  0.00000000e+00  0.00000000e+00
   0.00000000e+00  0.00000000e+00  0.00000000e+00  0.00000000e+00
   0.00000000e+00  0.00000000e+00]
 [-4.27621075e-02 -4.14551417e-01  6.33821479e-19  0.00000000e+00
   0.00000000e+00 -3.01653693e-01 -1.19080781e-18  0.00000000e+00
   0.00000000e+00 -2.21716005e-02]
 [ 0.00000000e+00  0.00000000e+00  0.00000000e+00  0.00000000e+00
  -3.01653693e-01  0.00000000e+00  0.00000000e+00  0.00000000e+00
  -1.15436643e+00  0.00000000e+00]
 [ 0.00000000e+00  0.00000000e+00  0.00000000e+00  0.00000000e+00
  -1.19080781e-18  0.00000000e+00  0.00000000e+00  0.00000000e+00
  -5.99869864e-18  0.00000000e+00]
 [ 0.00000000e+00  0.00000000e+00  0.00000000e+00  0.00000000e+00
   0.00000000e+00  0.00000000e+00  0.00000000e+00  0.00000000e+00
   0.00000000e+00  0.00000000e+00]
 [-4.19319835e-03 -2.91504180e-01 -1.19080781e-18  0.00000000e+00
   0.00000000e+00 -1.15436643e+00 -5.99869864e-18  0.00000000e+00
   0.00000000e+00 -1.62675235e-01]
 [ 0.00000000e+00  0.00000000e+00  0.00000000e+00  0.00000000e+00
  -2.21716005e-02  0.00000000e+00  0.00000000e+00  0.00000000e+00
  -1.62675235e-01  0.00000000e+00]]

 mu_z (A.O. basis set) :
 [[ 1.51930954e-01  4.23145896e-02 -4.27621075e-02  0.00000000e+00
   0.00000000e+00  3.38542940e-03 -4.19319835e-03  0.00000000e+00
   0.00000000e+00  4.23039946e-04]
 [ 4.23145896e-02  1.51930954e-01 -4.14551417e-01  0.00000000e+00
   0.00000000e+00  6.82913793e-02 -2.91504180e-01  0.00000000e+00
   0.00000000e+00 -1.67246181e-02]
 [-4.27621075e-02 -4.14551417e-01  1.51930954e-01  0.00000000e+00
   0.00000000e+00 -3.01653693e-01  7.01568405e-02  0.00000000e+00
   0.00000000e+00 -3.63529957e-02]
 [ 0.00000000e+00  0.00000000e+00  0.00000000e+00  1.51930954e-01
   0.00000000e+00  0.00000000e+00  0.00000000e+00  7.01568405e-02
   0.00000000e+00  0.00000000e+00]
 [ 0.00000000e+00  0.00000000e+00  0.00000000e+00  0.00000000e+00
   1.51930954e-01  0.00000000e+00  0.00000000e+00  0.00000000e+00
   7.01568405e-02  0.00000000e+00]
 [ 3.38542940e-03  6.82913793e-02 -3.01653693e-01  0.00000000e+00
   0.00000000e+00  1.51930954e-01 -1.15436643e+00  0.00000000e+00
   0.00000000e+00 -4.48973625e-01]
 [-4.19319835e-03 -2.91504180e-01  7.01568405e-02  0.00000000e+00
   0.00000000e+00 -1.15436643e+00  1.51930954e-01  0.00000000e+00
   0.00000000e+00 -7.02968299e-01]
 [ 0.00000000e+00  0.00000000e+00  0.00000000e+00  7.01568405e-02
   0.00000000e+00  0.00000000e+00  0.00000000e+00  1.51930954e-01
   0.00000000e+00  0.00000000e+00]
 [ 0.00000000e+00  0.00000000e+00  0.00000000e+00  0.00000000e+00
   7.01568405e-02  0.00000000e+00  0.00000000e+00  0.00000000e+00
   1.51930954e-01  0.00000000e+00]
 [ 4.23039946e-04 -1.67246181e-02 -3.63529957e-02  0.00000000e+00
   0.00000000e+00 -4.48973625e-01 -7.02968299e-01  0.00000000e+00
   0.00000000e+00 -3.46573806e+00]]


==================================================================================
   4-qubits: 20 total MSO, 2-frozen  MSO, 2-occupied active, 2-vritual active MSO  
   12 electrons   
   Active space : 


 MSO_occ_tmp         =  [0, 1, 2, 3, 4, 5, 10, 11, 12, 13, 14, 15]
 MSO_frozen_list_tmp =  [0, 1, 2, 3, 4, 10, 11, 12, 13, 14]
 MSO_active_list_tmp =  [5, 6, 15, 16]
 Reference calcs  for 2-electrons: 
 FCI_eigenvalues_ref =  [-160.30137814 -160.06093133 -160.06093133 -160.06093133 -160.01804947
 -159.17371957]


 Now working in a reduced space  = [0,1,2,3]


#################################################################################################################
#                                           
#               0-electrons case            
#                                           
#################################################################################################################



  CI  basis set  :  [[]]

 Electronic dipole_x  [e*a0]          :
 [[0.]]

 Electronic dipole_y  [e*a0]          :
 [[0.]]

 Electronic dipole_z  [e*a0]          :
 [[1.53780279]]

 Electronic  Hamiltonian              :
 [[-159.50502344]]

 Electronic  Hamiltonian     (sparse) :
   (0, 0)	-159.50502343909798

   Eigenvalues  :
 [-159.50502344]

   Eigenvectors :
 [[1.]]


#################################################################################################################
#                                           
#               1-electrons case            
#                                           
#################################################################################################################



  CI  basis set  :  [[0], [1], [2], [3]]

 Electronic dipole_x  [e*a0]          :
 [[0. 0. 0. 0.]
 [0. 0. 0. 0.]
 [0. 0. 0. 0.]
 [0. 0. 0. 0.]]

 Electronic dipole_y  [e*a0]          :
 [[0. 0. 0. 0.]
 [0. 0. 0. 0.]
 [0. 0. 0. 0.]
 [0. 0. 0. 0.]]

 Electronic dipole_z  [e*a0]          :
 [[-1.44651953  0.89663813  0.          0.        ]
 [ 0.89663813  2.1486908   0.          0.        ]
 [ 0.          0.         -1.44651953  0.89663813]
 [ 0.          0.          0.89663813  2.1486908 ]]

 Electronic  Hamiltonian              :
 [[-1.60219956e+02  1.01963090e-01  0.00000000e+00  0.00000000e+00]
 [ 1.01963090e-01 -1.59584998e+02  0.00000000e+00  0.00000000e+00]
 [ 0.00000000e+00  0.00000000e+00 -1.60219956e+02  1.01963090e-01]
 [ 0.00000000e+00  0.00000000e+00  1.01963090e-01 -1.59584998e+02]]

 Electronic  Hamiltonian     (sparse) :
   (0, 0)	-160.21995560211508
  (0, 1)	0.10196309003180207
  (1, 0)	0.10196309003180125
  (1, 1)	-159.58499847821
  (2, 2)	-160.21995560211508
  (2, 3)	0.10196309003180216
  (3, 2)	0.10196309003180123
  (3, 3)	-159.58499847821

   Eigenvalues  :
 [-160.23592735 -160.23592735 -159.56902673 -159.56902673]

   Eigenvectors :
 [[ 0.98795282  0.          0.15475535  0.        ]
 [-0.15475535  0.          0.98795282  0.        ]
 [ 0.          0.98795282  0.          0.15475535]
 [ 0.         -0.15475535  0.          0.98795282]]


#################################################################################################################
#                                           
#               2-electrons case            
#                                           
#################################################################################################################



  CI  basis set  :  [[0, 1], [0, 2], [0, 3], [1, 2], [1, 3], [2, 3]]

 Electronic dipole_x  [e*a0]          :
 [[0. 0. 0. 0. 0. 0.]
 [0. 0. 0. 0. 0. 0.]
 [0. 0. 0. 0. 0. 0.]
 [0. 0. 0. 0. 0. 0.]
 [0. 0. 0. 0. 0. 0.]
 [0. 0. 0. 0. 0. 0.]]

 Electronic dipole_y  [e*a0]          :
 [[0. 0. 0. 0. 0. 0.]
 [0. 0. 0. 0. 0. 0.]
 [0. 0. 0. 0. 0. 0.]
 [0. 0. 0. 0. 0. 0.]
 [0. 0. 0. 0. 0. 0.]
 [0. 0. 0. 0. 0. 0.]]

 Electronic dipole_z  [e*a0]          :
 [[-0.83563152  0.          0.          0.          0.          0.        ]
 [ 0.         -4.43084185  0.89663813  0.89663813  0.          0.        ]
 [ 0.          0.89663813 -0.83563152  0.          0.89663813  0.        ]
 [ 0.          0.89663813  0.         -0.83563152  0.89663813  0.        ]
 [ 0.          0.          0.89663813  0.89663813  2.75957881  0.        ]
 [ 0.          0.          0.          0.          0.         -0.83563152]]

 Electronic  Hamiltonian              :
 [[-1.60060931e+02  0.00000000e+00  0.00000000e+00  0.00000000e+00
   0.00000000e+00  0.00000000e+00]
 [ 0.00000000e+00 -1.60299285e+02  1.77965198e-10  1.77965101e-10
   4.49332146e-02  0.00000000e+00]
 [ 0.00000000e+00  1.77964296e-10 -1.60015998e+02  4.49332146e-02
   1.37298711e-01  0.00000000e+00]
 [ 0.00000000e+00  1.77964310e-10  4.49332146e-02 -1.60015998e+02
   1.37298711e-01  0.00000000e+00]
 [ 0.00000000e+00  4.49332146e-02  1.37298711e-01  1.37298711e-01
  -1.59222798e+02  0.00000000e+00]
 [ 0.00000000e+00  0.00000000e+00  0.00000000e+00  0.00000000e+00
   0.00000000e+00 -1.60060931e+02]]

 Electronic  Hamiltonian     (sparse) :
   (0, 0)	-160.0609313332457
  (1, 1)	-160.29928470142366
  (1, 2)	1.779651981337338e-10
  (1, 3)	1.7796510098921914e-10
  (1, 4)	0.044933214618972275
  (2, 1)	1.7796429607752628e-10
  (2, 2)	-160.01599811862673
  (2, 3)	0.04493321461897226
  (2, 4)	0.13729871082126757
  (3, 1)	1.779643099553141e-10
  (3, 2)	0.04493321461897228
  (3, 3)	-160.01599811862673
  (3, 4)	0.13729871082126766
  (4, 1)	0.04493321461897229
  (4, 2)	0.13729871082126677
  (4, 3)	0.13729871082126674
  (4, 4)	-159.2227975789532
  (5, 5)	-160.0609313332457

   Eigenvalues  :
 [-160.30137814 -160.06093133 -160.06093133 -160.06093133 -160.01804947
 -159.17371957]

   Eigenvectors :
 [[ 0.00000000e+00  0.00000000e+00  1.00000000e+00  0.00000000e+00
   0.00000000e+00  0.00000000e+00]
 [ 9.98542852e-01  4.86414627e-14  0.00000000e+00  0.00000000e+00
   3.75499110e-02 -3.87579241e-02]
 [ 1.93374452e-02 -7.07106781e-01  0.00000000e+00  0.00000000e+00
  -6.86787447e-01 -1.67179742e-01]
 [ 1.93374452e-02  7.07106781e-01  0.00000000e+00  0.00000000e+00
  -6.86787447e-01 -1.67179742e-01]
 [-4.65220262e-02  2.57793786e-13  0.00000000e+00  0.00000000e+00
   2.35023425e-01 -9.70875734e-01]
 [ 0.00000000e+00  0.00000000e+00  0.00000000e+00  1.00000000e+00
   0.00000000e+00  0.00000000e+00]]


#################################################################################################################
#                                           
#               3-electrons case            
#                                           
#################################################################################################################



  CI  basis set  :  [[0, 1, 2], [0, 1, 3], [0, 2, 3], [1, 2, 3]]

 Electronic dipole_x  [e*a0]          :
 [[0. 0. 0. 0.]
 [0. 0. 0. 0.]
 [0. 0. 0. 0.]
 [0. 0. 0. 0.]]

 Electronic dipole_y  [e*a0]          :
 [[0. 0. 0. 0.]
 [0. 0. 0. 0.]
 [0. 0. 0. 0.]
 [0. 0. 0. 0.]]

 Electronic dipole_z  [e*a0]          :
 [[-3.81995384  0.89663813  0.          0.        ]
 [ 0.89663813 -0.22474351  0.          0.        ]
 [ 0.          0.         -3.81995384  0.89663813]
 [ 0.          0.          0.89663813 -0.22474351]]

 Electronic  Hamiltonian              :
 [[-1.59856328e+02  3.53356210e-02  0.00000000e+00  0.00000000e+00]
 [ 3.53356210e-02 -1.59414798e+02  0.00000000e+00  0.00000000e+00]
 [ 0.00000000e+00  0.00000000e+00 -1.59856328e+02  3.53356210e-02]
 [ 0.00000000e+00  0.00000000e+00  3.53356210e-02 -1.59414798e+02]]

 Electronic  Hamiltonian     (sparse) :
   (0, 0)	-159.8563279099539
  (0, 1)	0.0353356209674307
  (1, 0)	0.0353356209674298
  (1, 1)	-159.41479791138852
  (2, 2)	-159.8563279099539
  (2, 3)	0.035335620967430606
  (3, 2)	0.035335620967429815
  (3, 3)	-159.41479791138852

   Eigenvalues  :
 [-159.85913793 -159.85913793 -159.41198789 -159.41198789]

   Eigenvectors :
 [[ 0.9968529   0.          0.07927356  0.        ]
 [-0.07927356  0.          0.9968529   0.        ]
 [ 0.          0.9968529   0.          0.07927356]
 [ 0.         -0.07927356  0.          0.9968529 ]]


#################################################################################################################
#                                           
#               4-electrons case            
#                                           
#################################################################################################################



  CI  basis set  :  [[0, 1, 2, 3]]

 Electronic dipole_x  [e*a0]          :
 [[0.]]

 Electronic dipole_y  [e*a0]          :
 [[0.]]

 Electronic dipole_z  [e*a0]          :
 [[-3.20906583]]

 Electronic  Hamiltonian              :
 [[-158.97119518]]

 Electronic  Hamiltonian     (sparse) :
   (0, 0)	-158.97119518011533

   Eigenvalues  :
 [-158.97119518]

   Eigenvectors :
 [[1.]]


#################################################################################################################
#                                                          
#              Hilbert space:   2^N                        
#              Jordan-Wigner   4-electrons case            
#                                                          
#################################################################################################################



 Fermionnic operator    =
 -159.50502343909798 [] +
-0.7149321630170855 [0^ 0] +
0.10196309003180207 [0^ 1] +
-0.05974982699534814 [0^ 1^ 0 1] +
0.05974982699534816 [0^ 1^ 1 0] +
-0.15890076592712346 [0^ 2^ 0 2] +
0.025490772463459224 [0^ 2^ 0 3] +
0.025490772463459245 [0^ 2^ 1 2] +
-0.01123330365474307 [0^ 2^ 1 3] +
0.15890076592712346 [0^ 2^ 2 0] +
-0.025490772463459228 [0^ 2^ 2 1] +
-0.02549077246345924 [0^ 2^ 3 0] +
0.011233303654743069 [0^ 2^ 3 1] +
0.025490772463459235 [0^ 3^ 0 2] +
-0.07098313065009121 [0^ 3^ 0 3] +
-0.011233303654743072 [0^ 3^ 1 2] +
-0.00883390519736639 [0^ 3^ 1 3] +
-0.025490772463459235 [0^ 3^ 2 0] +
0.011233303654743065 [0^ 3^ 2 1] +
0.07098313065009121 [0^ 3^ 3 0] +
0.00883390519736638 [0^ 3^ 3 1] +
0.10196309003180125 [1^ 0] +
0.05974982699534814 [1^ 0^ 0 1] +
-0.05974982699534816 [1^ 0^ 1 0] +
-0.07997503911201664 [1^ 1] +
0.025490772463459235 [1^ 2^ 0 2] +
-0.011233303654743065 [1^ 2^ 0 3] +
-0.07098313065009121 [1^ 2^ 1 2] +
-0.008833905197366381 [1^ 2^ 1 3] +
-0.02549077246345924 [1^ 2^ 2 0] +
0.0709831306500912 [1^ 2^ 2 1] +
0.01123330365474307 [1^ 2^ 3 0] +
0.008833905197366376 [1^ 2^ 3 1] +
-0.011233303654743062 [1^ 3^ 0 2] +
-0.008833905197366383 [1^ 3^ 0 3] +
-0.008833905197366388 [1^ 3^ 1 2] +
-0.11054398459220721 [1^ 3^ 1 3] +
0.011233303654743072 [1^ 3^ 2 0] +
0.008833905197366376 [1^ 3^ 2 1] +
0.008833905197366387 [1^ 3^ 3 0] +
0.11054398459220718 [1^ 3^ 3 1] +
0.15890076592712346 [2^ 0^ 0 2] +
-0.025490772463459228 [2^ 0^ 0 3] +
-0.02549077246345924 [2^ 0^ 1 2] +
0.011233303654743069 [2^ 0^ 1 3] +
-0.15890076592712346 [2^ 0^ 2 0] +
0.025490772463459224 [2^ 0^ 2 1] +
0.025490772463459245 [2^ 0^ 3 0] +
-0.01123330365474307 [2^ 0^ 3 1] +
-0.025490772463459235 [2^ 1^ 0 2] +
0.011233303654743065 [2^ 1^ 0 3] +
0.07098313065009121 [2^ 1^ 1 2] +
0.00883390519736638 [2^ 1^ 1 3] +
0.025490772463459235 [2^ 1^ 2 0] +
-0.07098313065009121 [2^ 1^ 2 1] +
-0.011233303654743072 [2^ 1^ 3 0] +
-0.00883390519736639 [2^ 1^ 3 1] +
-0.7149321630170856 [2^ 2] +
0.10196309003180216 [2^ 3] +
-0.05974982699534814 [2^ 3^ 2 3] +
0.05974982699534816 [2^ 3^ 3 2] +
-0.02549077246345924 [3^ 0^ 0 2] +
0.0709831306500912 [3^ 0^ 0 3] +
0.01123330365474307 [3^ 0^ 1 2] +
0.008833905197366376 [3^ 0^ 1 3] +
0.025490772463459235 [3^ 0^ 2 0] +
-0.011233303654743065 [3^ 0^ 2 1] +
-0.07098313065009121 [3^ 0^ 3 0] +
-0.008833905197366381 [3^ 0^ 3 1] +
0.011233303654743072 [3^ 1^ 0 2] +
0.008833905197366376 [3^ 1^ 0 3] +
0.008833905197366387 [3^ 1^ 1 2] +
0.11054398459220718 [3^ 1^ 1 3] +
-0.011233303654743062 [3^ 1^ 2 0] +
-0.008833905197366383 [3^ 1^ 2 1] +
-0.008833905197366388 [3^ 1^ 3 0] +
-0.11054398459220721 [3^ 1^ 3 1] +
0.10196309003180123 [3^ 2] +
0.05974982699534814 [3^ 2^ 2 3] +
-0.05974982699534816 [3^ 2^ 3 2] +
-0.07997503911201675 [3^ 3]

 Hamiltonian Matrix (sparse) =
   (0, 0)	(-159.50502343909787+0j)
  (1, 1)	(-159.58499847820988+0j)
  (2, 1)	(0.1019630900318017+0j)
  (1, 2)	(0.1019630900318017+0j)
  (2, 2)	(-160.21995560211496+0j)
  (3, 3)	(-160.06093133324555+0j)
  (4, 4)	(-159.58499847820988+0j)
  (8, 4)	(0.10196309003180165+0j)
  (5, 5)	(-159.2227975789531+0j)
  (6, 5)	(0.1372987108212672+0j)
  (9, 5)	(0.13729871082126718+0j)
  (10, 5)	(0.04493321461897227+0j)
  (5, 6)	(0.13729871082126724+0j)
  (6, 6)	(-160.0159981186266+0j)
  (9, 6)	(0.04493321461897227+0j)
  (10, 6)	(1.779646985333727e-10+0j)
  (7, 7)	(-159.41479791138838+0j)
  (11, 7)	(0.03533562096743023+0j)
  (4, 8)	(0.10196309003180165+0j)
  (8, 8)	(-160.21995560211494+0j)
  (5, 9)	(0.13729871082126718+0j)
  (6, 9)	(0.04493321461897227+0j)
  (9, 9)	(-160.0159981186266+0j)
  (10, 9)	(1.7796476098341785e-10+0j)
  (5, 10)	(0.04493321461897227+0j)
  (6, 10)	(1.779646985333727e-10+0j)
  (9, 10)	(1.7796476792231175e-10+0j)
  (10, 10)	(-160.29928470142355+0j)
  (7, 11)	(0.03533562096743023+0j)
  (8, 11)	(-6.938893903907228e-18+0j)
  (11, 11)	(-159.85632790995376+0j)
  (12, 12)	(-160.06093133324555+0j)
  (13, 13)	(-159.41479791138838+0j)
  (14, 13)	(0.03533562096743029+0j)
  (13, 14)	(0.035335620967430294+0j)
  (14, 14)	(-159.85632790995376+0j)
  (15, 15)	(-158.9711951801152+0j)

  Eigen spectrum =
 [-160.30137814 -160.23592735 -160.23592735 -160.06093133 -160.06093133
 -160.06093133 -160.01804947 -159.85913793 -159.85913793 -159.56902673
 -159.56902673 -159.50502344 -159.41198789 -159.41198789 -159.17371957
 -158.97119518]

 Jordan-Wigner transformed Hamiltonian    =
 (-159.76901997541674+0j) [] +
(0.03432467774980797+0j) [X0 X1] +
(0.011233303654743067+0j) [X0 X1 X2 X3] +
(0.011233303654743067+0j) [X0 X1 Y2 Y3] +
(0.025490772463459238+0j) [X0 X1 Z2] +
(-0.008833905197366383+0j) [X0 X1 Z3] +
(0.03432467774980797+0j) [Y0 Y1] +
(0.011233303654743067+0j) [Y0 Y1 X2 X3] +
(0.011233303654743067+0j) [Y0 Y1 Y2 Y3] +
(0.025490772463459238+0j) [Y0 Y1 Z2] +
(-0.008833905197366383+0j) [Y0 Y1 Z3] +
(0.06783235793597989+0j) [Z0] +
(0.05974982699534814+0j) [Z0 Z1] +
(0.025490772463459235+0j) [Z0 X2 X3] +
(0.025490772463459235+0j) [Z0 Y2 Y3] +
(0.15890076592712346+0j) [Z0 Z2] +
(0.07098313065009121+0j) [Z0 Z3] +
(-0.20128942268163824+0j) [Z1] +
(-0.008833905197366383+0j) [Z1 X2 X3] +
(-0.008833905197366383+0j) [Z1 Y2 Y3] +
(0.07098313065009121+0j) [Z1 Z2] +
(0.1105439845922072+0j) [Z1 Z3] +
(0.034324677749808+0j) [X2 X3] +
(0.034324677749808+0j) [Y2 Y3] +
(0.06783235793597997+0j) [Z2] +
(0.05974982699534814+0j) [Z2 Z3] +
(-0.20128942268163819+0j) [Z3]
